<?xml version="1.0" encoding="UTF-8"?>
<!-- Generated by org.testng.reporters.JUnitReportReporter -->
<testsuite hostname="DESKTOP-00OIK88" failures="0" tests="1" name="Test.Tests" time="15.735" errors="0" timestamp="2024-01-07T11:52:39 CET" skipped="0">
  <testcase classname="Test.Tests" name="register" time="15.735"/>
</testsuite> <!-- Test.Tests -->
